2025-01-10 08:36:41 [INFO]: ::1 - - [10/Jan/2025:03:36:41 +0000] "POST /api/auth/login HTTP/1.1" 200 378 "-" "PostmanRuntime/7.43.0"
2025-01-10 08:37:49 [INFO]: ::1 - - [10/Jan/2025:03:37:49 +0000] "POST /api/auth/login HTTP/1.1" 401 37 "-" "PostmanRuntime/7.43.0"
2025-01-10 08:37:54 [INFO]: ::1 - - [10/Jan/2025:03:37:54 +0000] "POST /api/auth/login HTTP/1.1" 401 37 "-" "PostmanRuntime/7.43.0"
2025-01-10 08:37:56 [INFO]: ::1 - - [10/Jan/2025:03:37:56 +0000] "POST /api/auth/login HTTP/1.1" 401 37 "-" "PostmanRuntime/7.43.0"
2025-01-10 08:39:03 [INFO]: ::1 - - [10/Jan/2025:03:39:03 +0000] "POST /api/auth/register HTTP/1.1" 500 34 "-" "PostmanRuntime/7.43.0"
2025-01-10 08:40:09 [INFO]: ::1 - - [10/Jan/2025:03:40:09 +0000] "POST /api/auth/login HTTP/1.1" 401 37 "-" "PostmanRuntime/7.43.0"
2025-01-10 08:40:11 [INFO]: ::1 - - [10/Jan/2025:03:40:11 +0000] "POST /api/auth/login HTTP/1.1" 401 37 "-" "PostmanRuntime/7.43.0"
2025-01-10 08:51:35 [INFO]: ::1 - - [10/Jan/2025:03:51:35 +0000] "GET /api/auth/login HTTP/1.1" 404 153 "-" "PostmanRuntime/7.43.0"
2025-01-10 09:06:52 [INFO]: ::1 - - [10/Jan/2025:04:06:52 +0000] "GET /api/users/getAll HTTP/1.1" 200 2 "-" "PostmanRuntime/7.43.0"
2025-01-10 10:03:05 [INFO]: ::1 - - [10/Jan/2025:05:03:05 +0000] "GET /api/users/getById/ HTTP/1.1" 404 157 "-" "PostmanRuntime/7.43.0"
2025-01-10 10:03:08 [INFO]: ::1 - - [10/Jan/2025:05:03:08 +0000] "GET /api/users/getById/12 HTTP/1.1" 500 103 "-" "PostmanRuntime/7.43.0"
2025-01-10 10:03:21 [INFO]: ::1 - - [10/Jan/2025:05:03:21 +0000] "GET /api/users/getAll HTTP/1.1" 200 2 "-" "PostmanRuntime/7.43.0"
2025-01-10 10:03:27 [INFO]: ::1 - - [10/Jan/2025:05:03:27 +0000] "POST /api/auth/register HTTP/1.1" 201 259 "-" "PostmanRuntime/7.43.0"
2025-01-10 10:03:31 [INFO]: ::1 - - [10/Jan/2025:05:03:31 +0000] "GET /api/users/getAll HTTP/1.1" 200 261 "-" "PostmanRuntime/7.43.0"
2025-01-10 10:03:42 [INFO]: ::1 - - [10/Jan/2025:05:03:42 +0000] "GET /api/users/getById/6780aa1fca5cb28e6c8b76bb HTTP/1.1" 200 259 "-" "PostmanRuntime/7.43.0"
2025-01-10 10:20:35 [INFO]: ::1 - - [10/Jan/2025:05:20:35 +0000] "POST /api/auth/login HTTP/1.1" 401 37 "-" "PostmanRuntime/7.43.0"
2025-01-10 10:20:43 [INFO]: ::1 - - [10/Jan/2025:05:20:43 +0000] "POST /api/auth/login HTTP/1.1" 401 37 "-" "PostmanRuntime/7.43.0"
2025-01-10 10:22:25 [INFO]: ::1 - - [10/Jan/2025:05:22:25 +0000] "POST /api/auth/login HTTP/1.1" 200 378 "-" "PostmanRuntime/7.43.0"
2025-01-10 10:23:41 [INFO]: ::1 - - [10/Jan/2025:05:23:41 +0000] "POST /api/products HTTP/1.1" 403 23 "-" "PostmanRuntime/7.43.0"
2025-01-10 10:23:43 [INFO]: ::1 - - [10/Jan/2025:05:23:43 +0000] "POST /api/products HTTP/1.1" 403 23 "-" "PostmanRuntime/7.43.0"
2025-01-10 10:24:12 [INFO]: ::1 - - [10/Jan/2025:05:24:12 +0000] "POST /api/products HTTP/1.1" 403 23 "-" "PostmanRuntime/7.43.0"
2025-01-10 10:24:20 [INFO]: ::1 - - [10/Jan/2025:05:24:20 +0000] "POST /api/products HTTP/1.1" 403 23 "-" "PostmanRuntime/7.43.0"
2025-01-10 10:25:32 [INFO]: ::1 - - [10/Jan/2025:05:25:32 +0000] "GET /api/products HTTP/1.1" 200 2 "-" "PostmanRuntime/7.43.0"
2025-01-10 10:25:39 [INFO]: ::1 - - [10/Jan/2025:05:25:39 +0000] "POST /api/products HTTP/1.1" 403 23 "-" "PostmanRuntime/7.43.0"
2025-01-10 10:26:13 [INFO]: ::1 - - [10/Jan/2025:05:26:13 +0000] "POST /api/products HTTP/1.1" 403 23 "-" "PostmanRuntime/7.43.0"
2025-01-10 12:05:26 [INFO]: ::1 - - [10/Jan/2025:07:05:26 +0000] "POST /api/products HTTP/1.1" 403 27 "-" "PostmanRuntime/7.43.0"
2025-01-10 12:05:33 [INFO]: ::1 - - [10/Jan/2025:07:05:33 +0000] "POST /api/auth/login HTTP/1.1" 200 378 "-" "PostmanRuntime/7.43.0"
2025-01-10 12:17:53 [INFO]: ::1 - - [10/Jan/2025:07:17:53 +0000] "POST /api/auth/login HTTP/1.1" 200 378 "-" "PostmanRuntime/7.43.0"
2025-01-10 12:18:26 [INFO]: ::1 - - [10/Jan/2025:07:18:26 +0000] "POST /api/products HTTP/1.1" 403 23 "-" "PostmanRuntime/7.43.0"
2025-01-10 12:18:28 [INFO]: ::1 - - [10/Jan/2025:07:18:28 +0000] "POST /api/products HTTP/1.1" 403 23 "-" "PostmanRuntime/7.43.0"
2025-01-10 12:24:36 [INFO]: ::1 - - [10/Jan/2025:07:24:36 +0000] "POST /api/products HTTP/1.1" 403 23 "-" "PostmanRuntime/7.43.0"
2025-01-10 12:24:39 [INFO]: ::1 - - [10/Jan/2025:07:24:39 +0000] "POST /api/products HTTP/1.1" 403 23 "-" "PostmanRuntime/7.43.0"
2025-01-10 12:25:59 [INFO]: ::1 - - [10/Jan/2025:07:25:59 +0000] "POST /api/products HTTP/1.1" 403 23 "-" "PostmanRuntime/7.43.0"
2025-01-10 12:26:01 [INFO]: ::1 - - [10/Jan/2025:07:26:01 +0000] "POST /api/products HTTP/1.1" 403 23 "-" "PostmanRuntime/7.43.0"
2025-01-10 12:26:33 [INFO]: ::1 - - [10/Jan/2025:07:26:33 +0000] "POST /api/products HTTP/1.1" 401 26 "-" "PostmanRuntime/7.43.0"
2025-01-10 12:26:38 [INFO]: ::1 - - [10/Jan/2025:07:26:38 +0000] "POST /api/products HTTP/1.1" 201 227 "-" "PostmanRuntime/7.43.0"
2025-01-10 12:28:28 [INFO]: ::1 - - [10/Jan/2025:07:28:28 +0000] "GET /api/products HTTP/1.1" 200 229 "-" "PostmanRuntime/7.43.0"
2025-01-10 12:28:43 [INFO]: ::1 - - [10/Jan/2025:07:28:43 +0000] "POST /api/products HTTP/1.1" 403 23 "-" "PostmanRuntime/7.43.0"
2025-01-10 12:29:12 [INFO]: ::1 - - [10/Jan/2025:07:29:12 +0000] "POST /api/products HTTP/1.1" 403 23 "-" "PostmanRuntime/7.43.0"
2025-01-10 12:31:26 [INFO]: ::1 - - [10/Jan/2025:07:31:26 +0000] "POST /api/products HTTP/1.1" 403 23 "-" "PostmanRuntime/7.43.0"
2025-01-10 12:35:22 [INFO]: ::1 - - [10/Jan/2025:07:35:22 +0000] "POST /api/products HTTP/1.1" 403 27 "-" "PostmanRuntime/7.43.0"
2025-01-10 12:35:29 [INFO]: ::1 - - [10/Jan/2025:07:35:29 +0000] "POST /api/auth/login HTTP/1.1" 200 486 "-" "PostmanRuntime/7.43.0"
2025-01-10 12:35:46 [INFO]: ::1 - - [10/Jan/2025:07:35:46 +0000] "POST /api/products HTTP/1.1" 201 227 "-" "PostmanRuntime/7.43.0"
2025-01-10 12:37:44 [INFO]: ::1 - - [10/Jan/2025:07:37:44 +0000] "POST /api/auth/register HTTP/1.1" 201 259 "-" "PostmanRuntime/7.43.0"
2025-01-10 12:39:25 [INFO]: ::1 - - [10/Jan/2025:07:39:25 +0000] "POST /api/auth/register HTTP/1.1" 500 34 "-" "PostmanRuntime/7.43.0"
2025-01-10 12:39:32 [INFO]: ::1 - - [10/Jan/2025:07:39:32 +0000] "POST /api/auth/register HTTP/1.1" 500 105 "-" "PostmanRuntime/7.43.0"
2025-01-10 12:40:22 [INFO]: ::1 - - [10/Jan/2025:07:40:22 +0000] "POST /api/auth/register HTTP/1.1" 201 259 "-" "PostmanRuntime/7.43.0"
2025-01-10 12:41:00 [INFO]: ::1 - - [10/Jan/2025:07:41:00 +0000] "POST /api/auth/register HTTP/1.1" 500 34 "-" "PostmanRuntime/7.43.0"
2025-01-10 12:41:06 [INFO]: ::1 - - [10/Jan/2025:07:41:06 +0000] "POST /api/auth/register HTTP/1.1" 201 259 "-" "PostmanRuntime/7.43.0"
2025-01-10 12:42:09 [INFO]: ::1 - - [10/Jan/2025:07:42:09 +0000] "POST /api/auth/register HTTP/1.1" 201 259 "-" "PostmanRuntime/7.43.0"
2025-01-10 12:47:18 [INFO]: ::1 - - [10/Jan/2025:07:47:18 +0000] "POST /api/auth/register HTTP/1.1" 400 54 "-" "PostmanRuntime/7.43.0"
2025-01-10 12:47:29 [INFO]: ::1 - - [10/Jan/2025:07:47:29 +0000] "POST /api/auth/register HTTP/1.1" 500 34 "-" "PostmanRuntime/7.43.0"
2025-01-10 12:47:35 [INFO]: ::1 - - [10/Jan/2025:07:47:35 +0000] "POST /api/auth/register HTTP/1.1" 201 259 "-" "PostmanRuntime/7.43.0"
2025-01-10 12:50:05 [INFO]: ::1 - - [10/Jan/2025:07:50:05 +0000] "POST /api/products HTTP/1.1" 400 54 "-" "PostmanRuntime/7.43.0"
2025-01-10 14:11:11 [INFO]: ::1 - - [10/Jan/2025:09:11:11 +0000] "POST /api/products HTTP/1.1" 403 27 "-" "PostmanRuntime/7.43.0"
2025-01-13 13:46:11 [INFO]: ::1 - - [13/Jan/2025:08:46:11 +0000] "GET / HTTP/1.1" 404 139 "-" "Mozilla/5.0 (Windows NT 10.0; Win64; x64) AppleWebKit/537.36 (KHTML, like Gecko) Chrome/131.0.0.0 Safari/537.36"
2025-01-13 13:46:34 [INFO]: ::1 - - [13/Jan/2025:08:46:34 +0000] "GET /api/products HTTP/1.1" 200 457 "-" "Mozilla/5.0 (Windows NT 10.0; Win64; x64) AppleWebKit/537.36 (KHTML, like Gecko) Chrome/131.0.0.0 Safari/537.36"
2025-01-13 13:46:34 [INFO]: ::1 - - [13/Jan/2025:08:46:34 +0000] "GET /favicon.ico HTTP/1.1" 404 150 "-" "Mozilla/5.0 (Windows NT 10.0; Win64; x64) AppleWebKit/537.36 (KHTML, like Gecko) Chrome/131.0.0.0 Safari/537.36"
2025-01-14 19:04:30 [INFO]: ::1 - - [14/Jan/2025:14:04:30 +0000] "GET /api/products HTTP/1.1" 200 457 "-" "Mozilla/5.0 (Windows NT 10.0; Win64; x64) AppleWebKit/537.36 (KHTML, like Gecko) Chrome/131.0.0.0 Safari/537.36"
2025-01-14 19:04:31 [INFO]: ::1 - - [14/Jan/2025:14:04:31 +0000] "GET /favicon.ico HTTP/1.1" 404 150 "-" "Mozilla/5.0 (Windows NT 10.0; Win64; x64) AppleWebKit/537.36 (KHTML, like Gecko) Chrome/131.0.0.0 Safari/537.36"
